make all --print-data-base --no-builtin-variables --no-builtin-rules --question
# GNU Make 3.81
# Copyright (C) 2006  Free Software Foundation, Inc.
# This is free software; see the source for copying conditions.
# There is NO warranty; not even for MERCHANTABILITY or FITNESS FOR A
# PARTICULAR PURPOSE.

# This program built for i386-apple-darwin11.3.0
 

<<<<<<< Updated upstream
<<<<<<< Updated upstream
<<<<<<< Updated upstream
# Make data base, printed on Mon Jun 27 21:06:05 2022
=======
# Make data base, printed on Wed Jun 29 00:21:41 2022
>>>>>>> Stashed changes
=======
# Make data base, printed on Wed Jun 29 00:21:41 2022
>>>>>>> Stashed changes
=======
# Make data base, printed on Wed Jun 29 00:21:41 2022
>>>>>>> Stashed changes

# Variables

# automatic
<D = $(patsubst %/,%,$(dir $<))
# automatic
?F = $(notdir $?)
# environment
FSLREMOTECALL = 
# environment
VSCODE_LOG_NATIVE = false
# automatic
?D = $(patsubst %/,%,$(dir $?))
# automatic
@D = $(patsubst %/,%,$(dir $@))
# automatic
@F = $(notdir $@)
# makefile
CURDIR := /Users/soumenmohanty/Documents/GitHub/FTP
# makefile
SHELL = /bin/sh
# environment
VSCODE_NLS_CONFIG = {"locale":"en-us","availableLanguages":{},"_languagePackSupport":true}
# environment
_ = /usr/bin/make
# environment
FSLDIR = /usr/local/fsl
# makefile (from `Makefile', line 1)
MAKEFILE_LIST :=  Makefile
# environment
VSCODE_VERBOSE_LOGGING = true
# environment
__CFBundleIdentifier = com.microsoft.VSCode
# environment
<<<<<<< Updated upstream
<<<<<<< Updated upstream
<<<<<<< Updated upstream
VSCODE_IPC_HOOK_EXTHOST = /var/folders/j3/cp2fcgdd0l78mz2m_vw_wx2c0000gn/T/vscode-ipc-688bea7e-a390-46ad-8ce6-b182225d98b7.sock
=======
VSCODE_IPC_HOOK_EXTHOST = /var/folders/j3/cp2fcgdd0l78mz2m_vw_wx2c0000gn/T/vscode-ipc-601f6c56-fd15-4583-9c7e-17fa96de69ba.sock
>>>>>>> Stashed changes
=======
VSCODE_IPC_HOOK_EXTHOST = /var/folders/j3/cp2fcgdd0l78mz2m_vw_wx2c0000gn/T/vscode-ipc-601f6c56-fd15-4583-9c7e-17fa96de69ba.sock
>>>>>>> Stashed changes
=======
VSCODE_IPC_HOOK_EXTHOST = /var/folders/j3/cp2fcgdd0l78mz2m_vw_wx2c0000gn/T/vscode-ipc-601f6c56-fd15-4583-9c7e-17fa96de69ba.sock
>>>>>>> Stashed changes
# environment
FSLOUTPUTTYPE = NIFTI_GZ
# environment
VSCODE_CWD = /
# environment
PATH = /Users/soumenmohanty/opt/anaconda3/bin:/Users/soumenmohanty/opt/anaconda3/condabin:/Library/Frameworks/Python.framework/Versions/3.10/bin:/usr/local/fsl/bin:/usr/local/bin:/usr/bin:/bin:/usr/sbin:/sbin
# environment
VSCODE_LOG_STACK = false
# environment
FSLMACHINELIST = 
# environment
ELECTRON_RUN_AS_NODE = 1
# default
.FEATURES := target-specific order-only second-expansion else-if archives jobserver check-symlink
# environment
SSH_AUTH_SOCK = /private/tmp/com.apple.launchd.7IpZTI24o0/Listeners
# automatic
%F = $(notdir $%)
# environment
CONDA_EXE = /Users/soumenmohanty/opt/anaconda3/bin/conda
# environment
VSCODE_PIPE_LOGGING = true
# environment
PWD = /Users/soumenmohanty/Documents/GitHub/FTP
# environment
ORIGINAL_XDG_CURRENT_DESKTOP = undefined
# environment
FSLMULTIFILEQUIT = TRUE
# environment
VSCODE_AMD_ENTRYPOINT = vs/workbench/api/node/extensionHostProcess
# environment
HOME = /Users/soumenmohanty
# default
MAKEFILEPATH = $(shell /usr/bin/xcode-select -print-path 2>/dev/null || echo /Developer)/Makefiles
# environment
VSCODE_CODE_CACHE_PATH = /Users/soumenmohanty/Library/Application Support/Code/CachedData/da15b6fd3ef856477bf6f4fb29ba1b7af717770d
# environment
LOGNAME = soumenmohanty
# environment
APPLICATION_INSIGHTS_NO_DIAGNOSTIC_CHANNEL = 1
# environment
CONDA_PROMPT_MODIFIER = (base) 
# environment
VSCODE_HANDLES_UNCAUGHT_ERRORS = true
# automatic
^D = $(patsubst %/,%,$(dir $^))
# environment
CONDA_DEFAULT_ENV = base
# environment
XPC_FLAGS = 0x0
# default
MAKE = $(MAKE_COMMAND)
# environment
FSLGECUDAQ = cuda.q
# environment
SHLVL = 1
# default
MAKE_VERSION := 3.81
# environment
USER = soumenmohanty
# makefile
.DEFAULT_GOAL := shell
# default
MAKECMDGOALS := all
# automatic
%D = $(patsubst %/,%,$(dir $%))
# environment
CONDA_SHLVL = 1
# default
MAKE_COMMAND := /Library/Developer/CommandLineTools/usr/bin/make
# default
.VARIABLES := 
# environment
TMPDIR = /var/folders/j3/cp2fcgdd0l78mz2m_vw_wx2c0000gn/T/
# automatic
*F = $(notdir $*)
# environment
VSCODE_IPC_HOOK = /Users/soumenmohanty/Library/Application Support/Code/1.67.1-main.sock
# environment
FSLLOCKDIR = 
# makefile
MAKEFLAGS = Rrqp
# environment
MFLAGS = -Rrqp
# automatic
*D = $(patsubst %/,%,$(dir $*))
# environment
XPC_SERVICE_NAME = application.com.microsoft.VSCode.429902.429908
# automatic
+D = $(patsubst %/,%,$(dir $+))
# automatic
+F = $(notdir $+)
# environment
__CF_USER_TEXT_ENCODING = 0x1F5:0x0:0x0
# environment
COMMAND_MODE = unix2003
# default
MAKEFILES := 
# environment
FSLTCLSH = /usr/local/fsl/bin/fsltclsh
# automatic
<F = $(notdir $<)
# environment
LC_ALL = C
# environment
CONDA_PYTHON_EXE = /Users/soumenmohanty/opt/anaconda3/bin/python
# automatic
^F = $(notdir $^)
# default
SUFFIXES := 
# environment
_CE_M = 
# environment
FSLWISH = /usr/local/fsl/bin/fslwish
# environment
MAKELEVEL := 0
# environment
CONDA_PREFIX = /Users/soumenmohanty/opt/anaconda3
# environment
VSCODE_PID = 93343
# environment
_CE_CONDA = 
# environment
LANG = C
# variable set hash-table stats:
# Load=78/1024=8%, Rehash=0, Collisions=4/101=4%

# Pattern-specific Variable Values

# No pattern-specific variable values.

# Directories

# . (device 16777230, inode 4471204): 20 files, no impossibilities.

# 20 files, no impossibilities in 1 directories.

# Implicit Rules

# No implicit rules.

# Files

# Not a target:
all:
#  Command-line target.
#  Implicit rule search has been done.
#  File does not exist.
#  File has not been updated.
# variable set hash-table stats:
# Load=0/32=0%, Rehash=0, Collisions=0/0=0%

parseinput.o: parseinput.c parseinput.h
#  Implicit rule search has not been done.
#  Modification time never checked.
#  File has not been updated.
#  commands to execute (from `Makefile', line 12):
	gcc -c parseinput.c
	

# Not a target:
.SUFFIXES:
#  Implicit rule search has not been done.
#  Modification time never checked.
#  File has not been updated.

# Not a target:
Makefile:
#  Implicit rule search has been done.
#  Last modified 2022-06-23 16:06:22
#  File has been updated.
#  Successfully updated.
# variable set hash-table stats:
# Load=0/32=0%, Rehash=0, Collisions=0/0=0%

# Not a target:
parseinput.c:
#  Implicit rule search has not been done.
#  Modification time never checked.
#  File has not been updated.

clientFTP.o: clientFTP.c
#  Implicit rule search has not been done.
#  Modification time never checked.
#  File has not been updated.
#  commands to execute (from `Makefile', line 9):
	gcc -c clientFTP.c
	

# Not a target:
.DEFAULT:
#  Implicit rule search has not been done.
#  Modification time never checked.
#  File has not been updated.

serverFTP.o: serverFTP.c
#  Implicit rule search has not been done.
#  Modification time never checked.
#  File has not been updated.
#  commands to execute (from `Makefile', line 6):
	gcc -c serverFTP.c
	

# Not a target:
parseinput.h:
#  Implicit rule search has not been done.
#  Modification time never checked.
#  File has not been updated.

clean:
#  Implicit rule search has not been done.
#  Modification time never checked.
#  File has not been updated.
#  commands to execute (from `Makefile', line 15):
	rm *.o shell
	

shell: parseinput.o serverFTP.o clientFTP.o
#  Implicit rule search has not been done.
#  Modification time never checked.
#  File has not been updated.
#  commands to execute (from `Makefile', line 2):
	gcc parseinput.o serverFTP.o -o serverFTP
	gcc parseinput.o clientFTP.o -o clientFTP
	

# Not a target:
clientFTP.c:
#  Implicit rule search has not been done.
#  Modification time never checked.
#  File has not been updated.

# Not a target:
serverFTP.c:
#  Implicit rule search has not been done.
#  Modification time never checked.
#  File has not been updated.

# files hash-table stats:
# Load=13/1024=1%, Rehash=0, Collisions=1/32=3%
# VPATH Search Paths

# No `vpath' search paths.

# No general (`VPATH' variable) search path.

# # of strings in strcache: 1
# # of strcache buffers: 1
# strcache size: total = 4096 / max = 4096 / min = 4096 / avg = 4096
# strcache free: total = 4087 / max = 4087 / min = 4087 / avg = 4087

<<<<<<< Updated upstream
<<<<<<< Updated upstream
<<<<<<< Updated upstream
# Finished Make data base on Mon Jun 27 21:06:05 2022
=======
# Finished Make data base on Wed Jun 29 00:21:41 2022
>>>>>>> Stashed changes
=======
# Finished Make data base on Wed Jun 29 00:21:41 2022
>>>>>>> Stashed changes
=======
# Finished Make data base on Wed Jun 29 00:21:41 2022
>>>>>>> Stashed changes

 
make: *** No rule to make target `all'.  Stop.

